<?xml version="1.0" encoding="UTF-8"?>
<testng-results ignored="0" total="14" passed="13" failed="1" skipped="0">
  <reporter-output>
  </reporter-output>
  <suite started-at="2023-10-20T12:02:57 IST" name="Suite" finished-at="2023-10-20T12:04:13 IST" duration-ms="75512">
    <groups>
      <group name="Sanity">
        <method signature="CartPageTest.checkProductToCart()[pri:0, instance:com.mystore.testcases.CartPageTest@239a307b]" name="checkProductToCart" class="com.mystore.testcases.CartPageTest"/>
        <method signature="HomeTest.addToCartProduct()[pri:0, instance:com.mystore.testcases.HomeTest@2de56eb2]" name="addToCartProduct" class="com.mystore.testcases.HomeTest"/>
      </group> <!-- Sanity -->
      <group name="Regression">
        <method signature="CartPageTest.checkProductToCart()[pri:0, instance:com.mystore.testcases.CartPageTest@239a307b]" name="checkProductToCart" class="com.mystore.testcases.CartPageTest"/>
        <method signature="CheckoutInfoTest.checkProductToCart(java.lang.String,java.lang.String,java.lang.String)[pri:0, instance:com.mystore.testcases.CheckoutInfoTest@6f204a1a]" name="checkProductToCart" class="com.mystore.testcases.CheckoutInfoTest"/>
        <method signature="EndToEndTest.checkProductToCart()[pri:0, instance:com.mystore.testcases.EndToEndTest@43f02ef2]" name="checkProductToCart" class="com.mystore.testcases.EndToEndTest"/>
        <method signature="HomeTest.addToCartProduct()[pri:0, instance:com.mystore.testcases.HomeTest@2de56eb2]" name="addToCartProduct" class="com.mystore.testcases.HomeTest"/>
        <method signature="HomeTest.validateSortLowToHigh()[pri:0, instance:com.mystore.testcases.HomeTest@2de56eb2]" name="validateSortLowToHigh" class="com.mystore.testcases.HomeTest"/>
        <method signature="OverviewPageTest.checkProductToCart()[pri:0, instance:com.mystore.testcases.OverviewPageTest@2a8448fa]" name="checkProductToCart" class="com.mystore.testcases.OverviewPageTest"/>
      </group> <!-- Regression -->
      <group name="Smoke">
        <method signature="CartPageTest.checkProductToCart()[pri:0, instance:com.mystore.testcases.CartPageTest@239a307b]" name="checkProductToCart" class="com.mystore.testcases.CartPageTest"/>
        <method signature="HomeTest.validateLogo()[pri:0, instance:com.mystore.testcases.HomeTest@2de56eb2]" name="validateLogo" class="com.mystore.testcases.HomeTest"/>
        <method signature="LoginSession.loginToApp(java.lang.String,java.lang.String)[pri:0, instance:com.mystore.testcases.LoginSession@5b799640]" name="loginToApp" class="com.mystore.testcases.LoginSession"/>
        <method signature="LoginSession.logout()[pri:0, instance:com.mystore.testcases.LoginSession@5b799640]" name="logout" class="com.mystore.testcases.LoginSession"/>
      </group> <!-- Smoke -->
    </groups>
    <test started-at="2023-10-20T12:02:57 IST" name="LoginTest" finished-at="2023-10-20T12:04:13 IST" duration-ms="75512">
      <class name="com.mystore.testcases.CartPageTest">
        <test-method is-config="true" signature="beforeMethod(java.lang.String,org.testng.ITestContext)[pri:0, instance:com.mystore.testcases.CartPageTest@239a307b]" started-at="2023-10-20T12:03:34 IST" name="beforeMethod" finished-at="2023-10-20T12:03:38 IST" duration-ms="3513" status="PASS">
          <params>
            <param index="0">
              <value>
                <![CDATA[chrome]]>
              </value>
            </param>
            <param index="1">
              <value>
                <![CDATA[org.testng.TestRunner@75add13c]]>
              </value>
            </param>
          </params>
          <reporter-output>
          </reporter-output>
        </test-method> <!-- beforeMethod -->
        <test-method signature="checkProductToCart()[pri:0, instance:com.mystore.testcases.CartPageTest@239a307b]" started-at="2023-10-20T12:03:38 IST" name="checkProductToCart" finished-at="2023-10-20T12:03:40 IST" duration-ms="2744" status="PASS">
          <reporter-output>
          </reporter-output>
        </test-method> <!-- checkProductToCart -->
      </class> <!-- com.mystore.testcases.CartPageTest -->
      <class name="com.mystore.testcases.OverviewPageTest">
        <test-method is-config="true" signature="beforeMethod(java.lang.String,org.testng.ITestContext)[pri:0, instance:com.mystore.testcases.OverviewPageTest@2a8448fa]" started-at="2023-10-20T12:03:40 IST" name="beforeMethod" finished-at="2023-10-20T12:03:43 IST" duration-ms="2859" status="PASS">
          <params>
            <param index="0">
              <value>
                <![CDATA[chrome]]>
              </value>
            </param>
            <param index="1">
              <value>
                <![CDATA[org.testng.TestRunner@75add13c]]>
              </value>
            </param>
          </params>
          <reporter-output>
          </reporter-output>
        </test-method> <!-- beforeMethod -->
        <test-method signature="checkProductToCart()[pri:0, instance:com.mystore.testcases.OverviewPageTest@2a8448fa]" started-at="2023-10-20T12:03:43 IST" name="checkProductToCart" finished-at="2023-10-20T12:03:45 IST" duration-ms="1604" status="PASS">
          <reporter-output>
          </reporter-output>
        </test-method> <!-- checkProductToCart -->
      </class> <!-- com.mystore.testcases.OverviewPageTest -->
      <class name="com.mystore.testcases.LoginSession">
        <test-method is-config="true" signature="beforeClass(org.testng.ITestContext)[pri:0, instance:com.mystore.testcases.LoginSession@5b799640]" started-at="2023-10-20T12:02:57 IST" name="beforeClass" finished-at="2023-10-20T12:02:58 IST" duration-ms="299" status="PASS">
          <params>
            <param index="0">
              <value>
                <![CDATA[org.testng.TestRunner@75add13c]]>
              </value>
            </param>
          </params>
          <reporter-output>
          </reporter-output>
        </test-method> <!-- beforeClass -->
        <test-method is-config="true" signature="beforeMethod(java.lang.String,org.testng.ITestContext)[pri:0, instance:com.mystore.testcases.LoginSession@5b799640]" started-at="2023-10-20T12:02:59 IST" name="beforeMethod" finished-at="2023-10-20T12:03:04 IST" duration-ms="5283" status="PASS">
          <params>
            <param index="0">
              <value>
                <![CDATA[chrome]]>
              </value>
            </param>
            <param index="1">
              <value>
                <![CDATA[org.testng.TestRunner@75add13c]]>
              </value>
            </param>
          </params>
          <reporter-output>
          </reporter-output>
        </test-method> <!-- beforeMethod -->
        <test-method signature="loginToApp(java.lang.String,java.lang.String)[pri:0, instance:com.mystore.testcases.LoginSession@5b799640]" started-at="2023-10-20T12:03:04 IST" name="loginToApp" data-provider="LoginData" finished-at="2023-10-20T12:03:04 IST" duration-ms="532" status="PASS">
          <params>
            <param index="0">
              <value>
                <![CDATA[mngr524298]]>
              </value>
            </param>
            <param index="1">
              <value>
                <![CDATA[3@123]]>
              </value>
            </param>
          </params>
          <reporter-output>
          </reporter-output>
        </test-method> <!-- loginToApp -->
        <test-method is-config="true" signature="beforeMethod(java.lang.String,org.testng.ITestContext)[pri:0, instance:com.mystore.testcases.LoginSession@5b799640]" started-at="2023-10-20T12:03:04 IST" name="beforeMethod" finished-at="2023-10-20T12:03:06 IST" duration-ms="1802" status="PASS">
          <params>
            <param index="0">
              <value>
                <![CDATA[chrome]]>
              </value>
            </param>
            <param index="1">
              <value>
                <![CDATA[org.testng.TestRunner@75add13c]]>
              </value>
            </param>
          </params>
          <reporter-output>
          </reporter-output>
        </test-method> <!-- beforeMethod -->
        <test-method signature="loginToApp(java.lang.String,java.lang.String)[pri:0, instance:com.mystore.testcases.LoginSession@5b799640]" started-at="2023-10-20T12:03:06 IST" name="loginToApp" data-provider="LoginData" finished-at="2023-10-20T12:03:07 IST" duration-ms="556" status="PASS">
          <params>
            <param index="0">
              <value>
                <![CDATA[standard_user]]>
              </value>
            </param>
            <param index="1">
              <value>
                <![CDATA[secret_sauce]]>
              </value>
            </param>
          </params>
          <reporter-output>
          </reporter-output>
        </test-method> <!-- loginToApp -->
        <test-method is-config="true" signature="beforeMethod(java.lang.String,org.testng.ITestContext)[pri:0, instance:com.mystore.testcases.LoginSession@5b799640]" started-at="2023-10-20T12:03:07 IST" name="beforeMethod" finished-at="2023-10-20T12:03:09 IST" duration-ms="1822" status="PASS">
          <params>
            <param index="0">
              <value>
                <![CDATA[chrome]]>
              </value>
            </param>
            <param index="1">
              <value>
                <![CDATA[org.testng.TestRunner@75add13c]]>
              </value>
            </param>
          </params>
          <reporter-output>
          </reporter-output>
        </test-method> <!-- beforeMethod -->
        <test-method signature="loginToApp(java.lang.String,java.lang.String)[pri:0, instance:com.mystore.testcases.LoginSession@5b799640]" started-at="2023-10-20T12:03:09 IST" name="loginToApp" data-provider="LoginData" finished-at="2023-10-20T12:03:09 IST" duration-ms="436" status="PASS">
          <params>
            <param index="0">
              <value>
                <![CDATA[Apn2232]]>
              </value>
            </param>
            <param index="1">
              <value>
                <![CDATA[secret_sauce]]>
              </value>
            </param>
          </params>
          <reporter-output>
          </reporter-output>
        </test-method> <!-- loginToApp -->
        <test-method is-config="true" signature="beforeMethod(java.lang.String,org.testng.ITestContext)[pri:0, instance:com.mystore.testcases.LoginSession@5b799640]" started-at="2023-10-20T12:03:09 IST" name="beforeMethod" finished-at="2023-10-20T12:03:11 IST" duration-ms="1751" status="PASS">
          <params>
            <param index="0">
              <value>
                <![CDATA[chrome]]>
              </value>
            </param>
            <param index="1">
              <value>
                <![CDATA[org.testng.TestRunner@75add13c]]>
              </value>
            </param>
          </params>
          <reporter-output>
          </reporter-output>
        </test-method> <!-- beforeMethod -->
        <test-method signature="loginToApp(java.lang.String,java.lang.String)[pri:0, instance:com.mystore.testcases.LoginSession@5b799640]" started-at="2023-10-20T12:03:11 IST" name="loginToApp" data-provider="LoginData" finished-at="2023-10-20T12:03:11 IST" duration-ms="418" status="PASS">
          <params>
            <param index="0">
              <value>
                <![CDATA[standard_user]]>
              </value>
            </param>
            <param index="1">
              <value>
                <![CDATA[bbdh6]]>
              </value>
            </param>
          </params>
          <reporter-output>
          </reporter-output>
        </test-method> <!-- loginToApp -->
        <test-method is-config="true" signature="beforeMethod(java.lang.String,org.testng.ITestContext)[pri:0, instance:com.mystore.testcases.LoginSession@5b799640]" started-at="2023-10-20T12:03:11 IST" name="beforeMethod" finished-at="2023-10-20T12:03:13 IST" duration-ms="1831" status="PASS">
          <params>
            <param index="0">
              <value>
                <![CDATA[chrome]]>
              </value>
            </param>
            <param index="1">
              <value>
                <![CDATA[org.testng.TestRunner@75add13c]]>
              </value>
            </param>
          </params>
          <reporter-output>
          </reporter-output>
        </test-method> <!-- beforeMethod -->
        <test-method signature="loginToApp(java.lang.String,java.lang.String)[pri:0, instance:com.mystore.testcases.LoginSession@5b799640]" started-at="2023-10-20T12:03:13 IST" name="loginToApp" data-provider="LoginData" finished-at="2023-10-20T12:03:14 IST" duration-ms="373" status="PASS">
          <params>
            <param index="0">
              <value>
                <![CDATA[]]>
              </value>
            </param>
            <param index="1">
              <value>
                <![CDATA[]]>
              </value>
            </param>
          </params>
          <reporter-output>
          </reporter-output>
        </test-method> <!-- loginToApp -->
        <test-method is-config="true" signature="beforeMethod(java.lang.String,org.testng.ITestContext)[pri:0, instance:com.mystore.testcases.LoginSession@5b799640]" started-at="2023-10-20T12:03:14 IST" name="beforeMethod" finished-at="2023-10-20T12:03:15 IST" duration-ms="1694" status="PASS">
          <params>
            <param index="0">
              <value>
                <![CDATA[chrome]]>
              </value>
            </param>
            <param index="1">
              <value>
                <![CDATA[org.testng.TestRunner@75add13c]]>
              </value>
            </param>
          </params>
          <reporter-output>
          </reporter-output>
        </test-method> <!-- beforeMethod -->
        <test-method signature="logout()[pri:0, instance:com.mystore.testcases.LoginSession@5b799640]" started-at="2023-10-20T12:03:15 IST" name="logout" finished-at="2023-10-20T12:03:23 IST" duration-ms="7614" status="PASS">
          <reporter-output>
          </reporter-output>
        </test-method> <!-- logout -->
        <test-method is-config="true" signature="afterTest()[pri:0, instance:com.mystore.testcases.LoginSession@5b799640]" started-at="2023-10-20T12:04:12 IST" name="afterTest" finished-at="2023-10-20T12:04:13 IST" duration-ms="1042" status="PASS">
          <reporter-output>
          </reporter-output>
        </test-method> <!-- afterTest -->
      </class> <!-- com.mystore.testcases.LoginSession -->
      <class name="com.mystore.testcases.EndToEndTest">
        <test-method is-config="true" signature="beforeMethod(java.lang.String,org.testng.ITestContext)[pri:0, instance:com.mystore.testcases.EndToEndTest@43f02ef2]" started-at="2023-10-20T12:03:23 IST" name="beforeMethod" finished-at="2023-10-20T12:03:28 IST" duration-ms="5047" status="PASS">
          <params>
            <param index="0">
              <value>
                <![CDATA[chrome]]>
              </value>
            </param>
            <param index="1">
              <value>
                <![CDATA[org.testng.TestRunner@75add13c]]>
              </value>
            </param>
          </params>
          <reporter-output>
          </reporter-output>
        </test-method> <!-- beforeMethod -->
        <test-method signature="checkProductToCart()[pri:0, instance:com.mystore.testcases.EndToEndTest@43f02ef2]" started-at="2023-10-20T12:03:28 IST" name="checkProductToCart" finished-at="2023-10-20T12:03:34 IST" duration-ms="6179" status="PASS">
          <reporter-output>
          </reporter-output>
        </test-method> <!-- checkProductToCart -->
      </class> <!-- com.mystore.testcases.EndToEndTest -->
      <class name="com.mystore.testcases.HomeTest">
        <test-method is-config="true" signature="beforeMethod(java.lang.String,org.testng.ITestContext)[pri:0, instance:com.mystore.testcases.HomeTest@2de56eb2]" started-at="2023-10-20T12:03:52 IST" name="beforeMethod" finished-at="2023-10-20T12:03:54 IST" duration-ms="2298" status="PASS">
          <params>
            <param index="0">
              <value>
                <![CDATA[chrome]]>
              </value>
            </param>
            <param index="1">
              <value>
                <![CDATA[org.testng.TestRunner@75add13c]]>
              </value>
            </param>
          </params>
          <reporter-output>
          </reporter-output>
        </test-method> <!-- beforeMethod -->
        <test-method signature="addToCartProduct()[pri:0, instance:com.mystore.testcases.HomeTest@2de56eb2]" started-at="2023-10-20T12:03:54 IST" name="addToCartProduct" finished-at="2023-10-20T12:03:55 IST" duration-ms="732" status="PASS">
          <reporter-output>
          </reporter-output>
        </test-method> <!-- addToCartProduct -->
        <test-method is-config="true" signature="beforeMethod(java.lang.String,org.testng.ITestContext)[pri:0, instance:com.mystore.testcases.HomeTest@2de56eb2]" started-at="2023-10-20T12:03:55 IST" name="beforeMethod" finished-at="2023-10-20T12:03:57 IST" duration-ms="2107" status="PASS">
          <params>
            <param index="0">
              <value>
                <![CDATA[chrome]]>
              </value>
            </param>
            <param index="1">
              <value>
                <![CDATA[org.testng.TestRunner@75add13c]]>
              </value>
            </param>
          </params>
          <reporter-output>
          </reporter-output>
        </test-method> <!-- beforeMethod -->
        <test-method signature="validateLogo()[pri:0, instance:com.mystore.testcases.HomeTest@2de56eb2]" started-at="2023-10-20T12:03:57 IST" name="validateLogo" finished-at="2023-10-20T12:03:58 IST" duration-ms="618" status="PASS">
          <reporter-output>
          </reporter-output>
        </test-method> <!-- validateLogo -->
        <test-method is-config="true" signature="beforeMethod(java.lang.String,org.testng.ITestContext)[pri:0, instance:com.mystore.testcases.HomeTest@2de56eb2]" started-at="2023-10-20T12:03:58 IST" name="beforeMethod" finished-at="2023-10-20T12:04:01 IST" duration-ms="2817" status="PASS">
          <params>
            <param index="0">
              <value>
                <![CDATA[chrome]]>
              </value>
            </param>
            <param index="1">
              <value>
                <![CDATA[org.testng.TestRunner@75add13c]]>
              </value>
            </param>
          </params>
          <reporter-output>
          </reporter-output>
        </test-method> <!-- beforeMethod -->
        <test-method signature="validateSortLowToHigh()[pri:0, instance:com.mystore.testcases.HomeTest@2de56eb2]" started-at="2023-10-20T12:04:01 IST" name="validateSortLowToHigh" finished-at="2023-10-20T12:04:12 IST" duration-ms="11187" status="FAIL">
          <exception class="org.openqa.selenium.WebDriverException">
            <message>
              <![CDATA[target frame detached
  (failed to check if window was closed: disconnected: not connected to DevTools)
  (Session info: chrome=118.0.5993.89)
Build info: version: '4.10.0', revision: 'c14d967899'
System info: os.name: 'Windows 10', os.arch: 'amd64', os.version: '10.0', java.version: '11.0.20'
Driver info: org.openqa.selenium.chrome.ChromeDriver
Command: [3d69a180973a1fab3e9df9740c3d1528, getElementText {id=2AC4ED200ED1CD6B23F2980C9D90930B_element_15}]
Capabilities {acceptInsecureCerts: false, browserName: chrome, browserVersion: 118.0.5993.89, chrome: {chromedriverVersion: 118.0.5993.70 (e52f33f30b91..., userDataDir: C:\Users\adj_2\AppData\Loca...}, fedcm:accounts: true, goog:chromeOptions: {debuggerAddress: localhost:62858}, networkConnectionEnabled: false, pageLoadStrategy: normal, platformName: windows, proxy: Proxy(), se:cdp: ws://localhost:62858/devtoo..., se:cdpVersion: 118.0.5993.89, setWindowRect: true, strictFileInteractability: false, timeouts: {implicit: 0, pageLoad: 300000, script: 30000}, unhandledPromptBehavior: dismiss and notify, webauthn:extension:credBlob: true, webauthn:extension:largeBlob: true, webauthn:extension:minPinLength: true, webauthn:extension:prf: true, webauthn:virtualAuthenticators: true}
Element: [[ChromeDriver: chrome on windows (3d69a180973a1fab3e9df9740c3d1528)] -> xpath: //div[@class='inventory_item_price']]
Session ID: 3d69a180973a1fab3e9df9740c3d1528]]>
            </message>
            <full-stacktrace>
              <![CDATA[org.openqa.selenium.WebDriverException: target frame detached
  (failed to check if window was closed: disconnected: not connected to DevTools)
  (Session info: chrome=118.0.5993.89)
Build info: version: '4.10.0', revision: 'c14d967899'
System info: os.name: 'Windows 10', os.arch: 'amd64', os.version: '10.0', java.version: '11.0.20'
Driver info: org.openqa.selenium.chrome.ChromeDriver
Command: [3d69a180973a1fab3e9df9740c3d1528, getElementText {id=2AC4ED200ED1CD6B23F2980C9D90930B_element_15}]
Capabilities {acceptInsecureCerts: false, browserName: chrome, browserVersion: 118.0.5993.89, chrome: {chromedriverVersion: 118.0.5993.70 (e52f33f30b91..., userDataDir: C:\Users\adj_2\AppData\Loca...}, fedcm:accounts: true, goog:chromeOptions: {debuggerAddress: localhost:62858}, networkConnectionEnabled: false, pageLoadStrategy: normal, platformName: windows, proxy: Proxy(), se:cdp: ws://localhost:62858/devtoo..., se:cdpVersion: 118.0.5993.89, setWindowRect: true, strictFileInteractability: false, timeouts: {implicit: 0, pageLoad: 300000, script: 30000}, unhandledPromptBehavior: dismiss and notify, webauthn:extension:credBlob: true, webauthn:extension:largeBlob: true, webauthn:extension:minPinLength: true, webauthn:extension:prf: true, webauthn:virtualAuthenticators: true}
Element: [[ChromeDriver: chrome on windows (3d69a180973a1fab3e9df9740c3d1528)] -> xpath: //div[@class='inventory_item_price']]
Session ID: 3d69a180973a1fab3e9df9740c3d1528
at java.base/jdk.internal.reflect.NativeConstructorAccessorImpl.newInstance0(Native Method)
at java.base/jdk.internal.reflect.NativeConstructorAccessorImpl.newInstance(NativeConstructorAccessorImpl.java:62)
at java.base/jdk.internal.reflect.DelegatingConstructorAccessorImpl.newInstance(DelegatingConstructorAccessorImpl.java:45)
at java.base/java.lang.reflect.Constructor.newInstance(Constructor.java:490)
at org.openqa.selenium.remote.codec.w3c.W3CHttpResponseCodec.createException(W3CHttpResponseCodec.java:199)
at org.openqa.selenium.remote.codec.w3c.W3CHttpResponseCodec.decode(W3CHttpResponseCodec.java:132)
at org.openqa.selenium.remote.codec.w3c.W3CHttpResponseCodec.decode(W3CHttpResponseCodec.java:51)
at org.openqa.selenium.remote.HttpCommandExecutor.execute(HttpCommandExecutor.java:191)
at org.openqa.selenium.remote.service.DriverCommandExecutor.invokeExecute(DriverCommandExecutor.java:196)
at org.openqa.selenium.remote.service.DriverCommandExecutor.execute(DriverCommandExecutor.java:171)
at org.openqa.selenium.remote.RemoteWebDriver.execute(RemoteWebDriver.java:531)
at org.openqa.selenium.remote.RemoteWebElement.execute(RemoteWebElement.java:242)
at org.openqa.selenium.remote.RemoteWebElement.getText(RemoteWebElement.java:192)
at com.mystore.pageobject.HomePage.getBeforeFilterPrices(HomePage.java:70)
at com.mystore.testcases.HomeTest.validateSortLowToHigh(HomeTest.java:80)
at java.base/jdk.internal.reflect.NativeMethodAccessorImpl.invoke0(Native Method)
at java.base/jdk.internal.reflect.NativeMethodAccessorImpl.invoke(NativeMethodAccessorImpl.java:62)
at java.base/jdk.internal.reflect.DelegatingMethodAccessorImpl.invoke(DelegatingMethodAccessorImpl.java:43)
at java.base/java.lang.reflect.Method.invoke(Method.java:566)
at org.testng.internal.invokers.MethodInvocationHelper.invokeMethod(MethodInvocationHelper.java:139)
at org.testng.internal.invokers.TestInvoker.invokeMethod(TestInvoker.java:664)
at org.testng.internal.invokers.TestInvoker.invokeTestMethod(TestInvoker.java:227)
at org.testng.internal.invokers.MethodRunner.runInSequence(MethodRunner.java:50)
at org.testng.internal.invokers.TestInvoker$MethodInvocationAgent.invoke(TestInvoker.java:957)
at org.testng.internal.invokers.TestInvoker.invokeTestMethods(TestInvoker.java:200)
at org.testng.internal.invokers.TestMethodWorker.invokeTestMethods(TestMethodWorker.java:148)
at org.testng.internal.invokers.TestMethodWorker.run(TestMethodWorker.java:128)
at java.base/java.util.ArrayList.forEach(ArrayList.java:1541)
at org.testng.TestRunner.privateRun(TestRunner.java:848)
at org.testng.TestRunner.run(TestRunner.java:621)
at org.testng.SuiteRunner.runTest(SuiteRunner.java:443)
at org.testng.SuiteRunner.runSequentially(SuiteRunner.java:437)
at org.testng.SuiteRunner.privateRun(SuiteRunner.java:397)
at org.testng.SuiteRunner.run(SuiteRunner.java:336)
at org.testng.SuiteRunnerWorker.runSuite(SuiteRunnerWorker.java:52)
at org.testng.SuiteRunnerWorker.run(SuiteRunnerWorker.java:95)
at org.testng.TestNG.runSuitesSequentially(TestNG.java:1280)
at org.testng.TestNG.runSuitesLocally(TestNG.java:1200)
at org.testng.TestNG.runSuites(TestNG.java:1114)
at org.testng.TestNG.run(TestNG.java:1082)
at org.testng.remote.AbstractRemoteTestNG.run(AbstractRemoteTestNG.java:115)
at org.testng.remote.RemoteTestNG.initAndRun(RemoteTestNG.java:251)
at org.testng.remote.RemoteTestNG.main(RemoteTestNG.java:77)
]]>
            </full-stacktrace>
          </exception> <!-- org.openqa.selenium.WebDriverException -->
          <reporter-output>
          </reporter-output>
        </test-method> <!-- validateSortLowToHigh -->
      </class> <!-- com.mystore.testcases.HomeTest -->
      <class name="com.mystore.testcases.CheckoutInfoTest">
        <test-method is-config="true" signature="beforeMethod(java.lang.String,org.testng.ITestContext)[pri:0, instance:com.mystore.testcases.CheckoutInfoTest@6f204a1a]" started-at="2023-10-20T12:03:45 IST" name="beforeMethod" finished-at="2023-10-20T12:03:47 IST" duration-ms="1887" status="PASS">
          <params>
            <param index="0">
              <value>
                <![CDATA[chrome]]>
              </value>
            </param>
            <param index="1">
              <value>
                <![CDATA[org.testng.TestRunner@75add13c]]>
              </value>
            </param>
          </params>
          <reporter-output>
          </reporter-output>
        </test-method> <!-- beforeMethod -->
        <test-method signature="checkProductToCart(java.lang.String,java.lang.String,java.lang.String)[pri:0, instance:com.mystore.testcases.CheckoutInfoTest@6f204a1a]" started-at="2023-10-20T12:03:47 IST" name="checkProductToCart" data-provider="CheckoutInfoData" finished-at="2023-10-20T12:03:48 IST" duration-ms="1346" status="PASS">
          <params>
            <param index="0">
              <value>
                <![CDATA[Lalita]]>
              </value>
            </param>
            <param index="1">
              <value>
                <![CDATA[Saini]]>
              </value>
            </param>
            <param index="2">
              <value>
                <![CDATA[122356]]>
              </value>
            </param>
          </params>
          <reporter-output>
          </reporter-output>
        </test-method> <!-- checkProductToCart -->
        <test-method is-config="true" signature="beforeMethod(java.lang.String,org.testng.ITestContext)[pri:0, instance:com.mystore.testcases.CheckoutInfoTest@6f204a1a]" started-at="2023-10-20T12:03:48 IST" name="beforeMethod" finished-at="2023-10-20T12:03:50 IST" duration-ms="2051" status="PASS">
          <params>
            <param index="0">
              <value>
                <![CDATA[chrome]]>
              </value>
            </param>
            <param index="1">
              <value>
                <![CDATA[org.testng.TestRunner@75add13c]]>
              </value>
            </param>
          </params>
          <reporter-output>
          </reporter-output>
        </test-method> <!-- beforeMethod -->
        <test-method signature="checkProductToCart(java.lang.String,java.lang.String,java.lang.String)[pri:0, instance:com.mystore.testcases.CheckoutInfoTest@6f204a1a]" started-at="2023-10-20T12:03:50 IST" name="checkProductToCart" data-provider="CheckoutInfoData" finished-at="2023-10-20T12:03:52 IST" duration-ms="1696" status="PASS">
          <params>
            <param index="0">
              <value>
                <![CDATA[3456tyghvbn]]>
              </value>
            </param>
            <param index="1">
              <value>
                <![CDATA[897iutkyfthcj]]>
              </value>
            </param>
            <param index="2">
              <value>
                <![CDATA[tyfg@54ertyfg]]>
              </value>
            </param>
          </params>
          <reporter-output>
          </reporter-output>
        </test-method> <!-- checkProductToCart -->
      </class> <!-- com.mystore.testcases.CheckoutInfoTest -->
    </test> <!-- LoginTest -->
  </suite> <!-- Suite -->
</testng-results>
