<?xml version="1.0" encoding="UTF-8"?>
<!-- Generated by org.testng.reporters.JUnitXMLReporter -->
<testsuite ignored="0" hostname="DESKTOP-JI4AK0O" failures="1" tests="1" name="LoginTest" time="5.374" errors="0" timestamp="2023-10-13T17:14:41 IST">
  <testcase classname="com.mystore.testcases.EndToEndTest" name="checkProductToCart" time="1.446">
    <failure type="java.lang.AssertionError" message="The following asserts failed:
	Password is not valid">
      <![CDATA[java.lang.AssertionError: The following asserts failed:
Password is not valid
at com.mystore.actiondriver.Action.assertAll(Action.java:114)
at com.mystore.testcases.EndToEndTest.checkProductToCart(EndToEndTest.java:76)
at java.base/java.util.ArrayList.forEach(ArrayList.java:1511)
... Removed 29 stack frames]]>
    </failure>
  </testcase> <!-- checkProductToCart -->
</testsuite> <!-- LoginTest -->
