<?xml version="1.0" encoding="UTF-8"?>
<!-- Generated by org.testng.reporters.JUnitXMLReporter -->
<testsuite ignored="8" hostname="DESKTOP-JI4AK0O" failures="0" tests="8" name="LoginTest" time="39.974" errors="0" timestamp="2023-10-17T10:59:39 IST">
  <testcase classname="com.mystore.testcases.EndToEndTest" name="checkProductToCart" time="1.249"/>
  <testcase classname="com.mystore.testcases.CartPageTest" name="checkProductToCart" time="0.84"/>
  <testcase classname="com.mystore.testcases.OverviewPageTest" name="checkProductToCart" time="1.244"/>
  <testcase classname="com.mystore.testcases.CheckoutInfoTest" name="checkProductToCart" time="1.173"/>
  <testcase classname="com.mystore.testcases.CheckoutInfoTest" name="checkProductToCart" time="1.177"/>
  <testcase classname="com.mystore.testcases.HomeTest" name="addToCartProduct" time="0.702"/>
  <testcase classname="com.mystore.testcases.HomeTest" name="validateLogo" time="0.961"/>
  <testcase classname="com.mystore.testcases.HomeTest" name="validateSortLowToHigh" time="1.833"/>
  <testcase classname="com.mystore.base.BaseClass" name="@AfterTest afterTest" time="0.0">
    <ignored/>
  </testcase> <!-- @AfterTest afterTest -->
  <testcase classname="com.mystore.base.BaseClass" name="@BeforeTest beforeClass" time="0.0">
    <ignored/>
  </testcase> <!-- @BeforeTest beforeClass -->
  <testcase classname="com.mystore.base.BaseClass" name="@AfterTest afterTest" time="0.0">
    <ignored/>
  </testcase> <!-- @AfterTest afterTest -->
  <testcase classname="com.mystore.base.BaseClass" name="@AfterTest afterTest" time="0.0">
    <ignored/>
  </testcase> <!-- @AfterTest afterTest -->
  <testcase classname="com.mystore.base.BaseClass" name="@AfterTest afterTest" time="0.0">
    <ignored/>
  </testcase> <!-- @AfterTest afterTest -->
  <testcase classname="com.mystore.base.BaseClass" name="@BeforeTest beforeClass" time="0.0">
    <ignored/>
  </testcase> <!-- @BeforeTest beforeClass -->
  <testcase classname="com.mystore.base.BaseClass" name="@BeforeTest beforeClass" time="0.0">
    <ignored/>
  </testcase> <!-- @BeforeTest beforeClass -->
  <testcase classname="com.mystore.base.BaseClass" name="@BeforeTest beforeClass" time="0.0">
    <ignored/>
  </testcase> <!-- @BeforeTest beforeClass -->
</testsuite> <!-- LoginTest -->
