<?xml version="1.0" encoding="UTF-8"?>
<!-- Generated by org.testng.reporters.JUnitXMLReporter -->
<testsuite ignored="8" hostname="DESKTOP-JI4AK0O" failures="0" tests="7" name="RegressionTest" time="28.946" errors="0" timestamp="2023-10-11T12:25:37 IST">
  <testcase classname="com.mystore.testcases.EndToEndTest" name="checkProductToCart" time="1.312"/>
  <testcase classname="com.mystore.testcases.CartPageTest" name="checkProductToCart" time="0.845"/>
  <testcase classname="com.mystore.testcases.OverviewPageTest" name="checkProductToCart" time="1.368"/>
  <testcase classname="com.mystore.testcases.CheckoutInfoTest" name="checkProductToCart" time="1.458"/>
  <testcase classname="com.mystore.testcases.CheckoutInfoTest" name="checkProductToCart" time="1.432"/>
  <testcase classname="com.mystore.testcases.HomeTest" name="addToCartProduct" time="1.083"/>
  <testcase classname="com.mystore.testcases.HomeTest" name="validateSortLowToHigh" time="2.916"/>
  <testcase classname="com.mystore.base.BaseClass" name="@BeforeTest beforeClass" time="0.0">
    <ignored/>
  </testcase> <!-- @BeforeTest beforeClass -->
  <testcase classname="com.mystore.testcases.LoginSession" name="loginToApp" time="0.0">
    <ignored/>
  </testcase> <!-- loginToApp -->
  <testcase classname="com.mystore.base.BaseClass" name="@BeforeTest beforeClass" time="0.0">
    <ignored/>
  </testcase> <!-- @BeforeTest beforeClass -->
  <testcase classname="com.mystore.base.BaseClass" name="@BeforeTest beforeClass" time="0.0">
    <ignored/>
  </testcase> <!-- @BeforeTest beforeClass -->
  <testcase classname="com.mystore.testcases.LoginSession" name="logout" time="0.0">
    <ignored/>
  </testcase> <!-- logout -->
  <testcase classname="com.mystore.base.BaseClass" name="@BeforeTest beforeClass" time="0.0">
    <ignored/>
  </testcase> <!-- @BeforeTest beforeClass -->
  <testcase classname="com.mystore.base.BaseClass" name="@BeforeTest beforeClass" time="0.0">
    <ignored/>
  </testcase> <!-- @BeforeTest beforeClass -->
  <testcase classname="com.mystore.testcases.HomeTest" name="validateLogo" time="0.0">
    <ignored/>
  </testcase> <!-- validateLogo -->
</testsuite> <!-- RegressionTest -->
