<?xml version="1.0" encoding="UTF-8"?>
<!-- Generated by org.testng.reporters.JUnitXMLReporter -->
<testsuite ignored="12" hostname="DESKTOP-JI4AK0O" failures="0" tests="2" name="SanityTest" time="8.188" errors="0" timestamp="2023-10-11T17:02:40 IST">
  <testcase classname="com.mystore.testcases.CartPageTest" name="checkProductToCart" time="1.012"/>
  <testcase classname="com.mystore.testcases.HomeTest" name="addToCartProduct" time="0.733"/>
  <testcase classname="com.mystore.testcases.CheckoutInfoTest" name="checkProductToCart" time="0.0">
    <ignored/>
  </testcase> <!-- checkProductToCart -->
  <testcase classname="com.mystore.base.BaseClass" name="@BeforeTest beforeClass" time="0.0">
    <ignored/>
  </testcase> <!-- @BeforeTest beforeClass -->
  <testcase classname="com.mystore.testcases.HomeTest" name="validateSortLowToHigh" time="0.0">
    <ignored/>
  </testcase> <!-- validateSortLowToHigh -->
  <testcase classname="com.mystore.base.BaseClass" name="@BeforeTest beforeClass" time="0.0">
    <ignored/>
  </testcase> <!-- @BeforeTest beforeClass -->
  <testcase classname="com.mystore.base.BaseClass" name="@BeforeTest beforeClass" time="0.0">
    <ignored/>
  </testcase> <!-- @BeforeTest beforeClass -->
  <testcase classname="com.mystore.base.BaseClass" name="@BeforeTest beforeClass" time="0.0">
    <ignored/>
  </testcase> <!-- @BeforeTest beforeClass -->
  <testcase classname="com.mystore.testcases.LoginSession" name="loginToApp" time="0.0">
    <ignored/>
  </testcase> <!-- loginToApp -->
  <testcase classname="com.mystore.testcases.LoginSession" name="logout" time="0.0">
    <ignored/>
  </testcase> <!-- logout -->
  <testcase classname="com.mystore.testcases.HomeTest" name="validateLogo" time="0.0">
    <ignored/>
  </testcase> <!-- validateLogo -->
  <testcase classname="com.mystore.base.BaseClass" name="@BeforeTest beforeClass" time="0.0">
    <ignored/>
  </testcase> <!-- @BeforeTest beforeClass -->
  <testcase classname="com.mystore.testcases.EndToEndTest" name="checkProductToCart" time="0.0">
    <ignored/>
  </testcase> <!-- checkProductToCart -->
  <testcase classname="com.mystore.testcases.OverviewPageTest" name="checkProductToCart" time="0.0">
    <ignored/>
  </testcase> <!-- checkProductToCart -->
</testsuite> <!-- SanityTest -->
