<?xml version="1.0" encoding="UTF-8"?>
<!-- Generated by org.testng.reporters.JUnitXMLReporter -->
<testsuite ignored="10" hostname="DESKTOP-JI4AK0O" failures="0" tests="8" name="SmokeTest" time="33.142" errors="0" timestamp="2023-10-17T11:00:41 IST">
  <testcase classname="com.mystore.testcases.LoginSession" name="loginToApp" time="0.8"/>
  <testcase classname="com.mystore.testcases.LoginSession" name="loginToApp" time="0.474"/>
  <testcase classname="com.mystore.testcases.LoginSession" name="loginToApp" time="0.428"/>
  <testcase classname="com.mystore.testcases.LoginSession" name="loginToApp" time="0.412"/>
  <testcase classname="com.mystore.testcases.LoginSession" name="loginToApp" time="0.353"/>
  <testcase classname="com.mystore.testcases.LoginSession" name="logout" time="8.301"/>
  <testcase classname="com.mystore.testcases.CartPageTest" name="checkProductToCart" time="1.745"/>
  <testcase classname="com.mystore.testcases.HomeTest" name="validateLogo" time="1.489"/>
  <testcase classname="com.mystore.testcases.CheckoutInfoTest" name="checkProductToCart" time="0.0">
    <ignored/>
  </testcase> <!-- checkProductToCart -->
  <testcase classname="com.mystore.base.BaseClass" name="@BeforeTest beforeClass" time="0.0">
    <ignored/>
  </testcase> <!-- @BeforeTest beforeClass -->
  <testcase classname="com.mystore.testcases.HomeTest" name="addToCartProduct" time="0.0">
    <ignored/>
  </testcase> <!-- addToCartProduct -->
  <testcase classname="com.mystore.testcases.HomeTest" name="validateSortLowToHigh" time="0.0">
    <ignored/>
  </testcase> <!-- validateSortLowToHigh -->
  <testcase classname="com.mystore.base.BaseClass" name="@BeforeTest beforeClass" time="0.0">
    <ignored/>
  </testcase> <!-- @BeforeTest beforeClass -->
  <testcase classname="com.mystore.base.BaseClass" name="@BeforeTest beforeClass" time="0.0">
    <ignored/>
  </testcase> <!-- @BeforeTest beforeClass -->
  <testcase classname="com.mystore.base.BaseClass" name="@BeforeTest beforeClass" time="0.0">
    <ignored/>
  </testcase> <!-- @BeforeTest beforeClass -->
  <testcase classname="com.mystore.base.BaseClass" name="@BeforeTest beforeClass" time="0.0">
    <ignored/>
  </testcase> <!-- @BeforeTest beforeClass -->
  <testcase classname="com.mystore.testcases.EndToEndTest" name="checkProductToCart" time="0.0">
    <ignored/>
  </testcase> <!-- checkProductToCart -->
  <testcase classname="com.mystore.testcases.OverviewPageTest" name="checkProductToCart" time="0.0">
    <ignored/>
  </testcase> <!-- checkProductToCart -->
</testsuite> <!-- SmokeTest -->
